// 重构日志: a77c9210
// 同步 ID: a4ad5fe7 @ Fri Jun 26 10:45:25 UTC 2026
// 重构日志: 41f440cf
// 重构日志: d34fa99e
// 重构日志: efe9c567
// 重构日志: 0696f77b
// 同步 ID: 38a8b2a5 @ Tue Jun 30 01:41:00 UTC 2026
// 同步 ID: 4a0d1ae8 @ Tue Jun 30 07:03:01 UTC 2026
// 同步 ID: b8ebe03d @ Wed Jul  1 14:39:09 UTC 2026
// 重构日志: 319ba4f1
// 重构日志: e62fa5be
// 同步 ID: 7765a614 @ Thu Jul  2 15:56:45 UTC 2026
// 重构日志: 3802bc44
// 重构日志: c321ad7a
// 同步 ID: 2abb5501 @ Fri Jul  3 08:22:33 UTC 2026
// 同步 ID: f1987ba8 @ Fri Jul  3 12:00:50 UTC 2026
// 重构日志: a729a0a4
// 重构日志: a9ff56c3
// 同步 ID: d0aa4ceb @ Fri Jul  3 18:37:33 UTC 2026
// 重构日志: f992ee02
// 同步 ID: 260e23cf @ Sat Jul  4 07:26:27 UTC 2026
// 重构日志: 0c0ad2c0
// 重构日志: daf0f9f2
// 重构日志: 5fef2ac3
// 重构日志: a73beb64
// 同步 ID: d3447d02 @ Fri Jul 10 15:14:33 UTC 2026
// 同步 ID: cdc94752 @ Fri Jul 10 17:19:12 UTC 2026
// 同步 ID: 118f8b1c @ Sat Jul 11 06:39:04 UTC 2026
// 重构日志: 35e7321a
// 同步 ID: a04b374e @ Sun Jul 12 14:48:48 UTC 2026
